Determining if the pthread_create exist failed with the following output:
Change Dir: /f/Projets/C++/webserv/build/CMakeFiles/CMakeTmp

Run Build Command:"/usr/bin/make" "cmTC_88797/fast"
/usr/bin/make -f CMakeFiles/cmTC_88797.dir/build.make CMakeFiles/cmTC_88797.dir/build
make[1]: Entering directory '/f/Projets/C++/webserv/build/CMakeFiles/CMakeTmp'
Building C object CMakeFiles/cmTC_88797.dir/CheckSymbolExists.c.o
/usr/bin/clang-6.0    -o CMakeFiles/cmTC_88797.dir/CheckSymbolExists.c.o   -c /f/Projets/C++/webserv/build/CMakeFiles/CMakeTmp/CheckSymbolExists.c
Linking C executable cmTC_88797
/usr/bin/cmake -E cmake_link_script CMakeFiles/cmTC_88797.dir/link.txt --verbose=1
/usr/bin/clang-6.0      -rdynamic CMakeFiles/cmTC_88797.dir/CheckSymbolExists.c.o  -o cmTC_88797 
CMakeFiles/cmTC_88797.dir/CheckSymbolExists.c.o: In function `main':
CheckSymbolExists.c:(.text+0x19): undefined reference to `pthread_create'
clang: error: linker command failed with exit code 1 (use -v to see invocation)
CMakeFiles/cmTC_88797.dir/build.make:97: recipe for target 'cmTC_88797' failed
make[1]: *** [cmTC_88797] Error 1
make[1]: Leaving directory '/f/Projets/C++/webserv/build/CMakeFiles/CMakeTmp'
Makefile:126: recipe for target 'cmTC_88797/fast' failed
make: *** [cmTC_88797/fast] Error 2

File /f/Projets/C++/webserv/build/CMakeFiles/CMakeTmp/CheckSymbolExists.c:
/* */
#include <pthread.h>

int main(int argc, char** argv)
{
  (void)argv;
#ifndef pthread_create
  return ((int*)(&pthread_create))[argc];
#else
  (void)argc;
  return 0;
#endif
}

Determining if the function pthread_create exists in the pthreads failed with the following output:
Change Dir: /f/Projets/C++/webserv/build/CMakeFiles/CMakeTmp

Run Build Command:"/usr/bin/make" "cmTC_00c80/fast"
/usr/bin/make -f CMakeFiles/cmTC_00c80.dir/build.make CMakeFiles/cmTC_00c80.dir/build
make[1]: Entering directory '/f/Projets/C++/webserv/build/CMakeFiles/CMakeTmp'
Building C object CMakeFiles/cmTC_00c80.dir/CheckFunctionExists.c.o
/usr/bin/clang-6.0   -DCHECK_FUNCTION_EXISTS=pthread_create   -o CMakeFiles/cmTC_00c80.dir/CheckFunctionExists.c.o   -c /usr/share/cmake-3.10/Modules/CheckFunctionExists.c
Linking C executable cmTC_00c80
/usr/bin/cmake -E cmake_link_script CMakeFiles/cmTC_00c80.dir/link.txt --verbose=1
/usr/bin/clang-6.0  -DCHECK_FUNCTION_EXISTS=pthread_create    -rdynamic CMakeFiles/cmTC_00c80.dir/CheckFunctionExists.c.o  -o cmTC_00c80 -lpthreads 
/usr/bin/ld: cannot find -lpthreads
clang: error: linker command failed with exit code 1 (use -v to see invocation)
CMakeFiles/cmTC_00c80.dir/build.make:97: recipe for target 'cmTC_00c80' failed
make[1]: *** [cmTC_00c80] Error 1
make[1]: Leaving directory '/f/Projets/C++/webserv/build/CMakeFiles/CMakeTmp'
Makefile:126: recipe for target 'cmTC_00c80/fast' failed
make: *** [cmTC_00c80/fast] Error 2


